<?xml version="1.0" encoding="UTF-8"?>
<!-- Generated by org.testng.reporters.JUnitReportReporter -->
<testsuite skipped="0" hostname="Rahuls-MacBook-Pro.local" name="main.java.exercise1" tests="2" failures="0" timestamp="2021-03-19T07:53:47 IST" time="5.576" errors="0">
  <testcase name="priceconversion" time="2.498" classname="main.java.exercise1"/>
  <system-out/>
  <testcase name="getIdFromMapCall" time="3.078" classname="main.java.exercise1"/>
  <system-out/>
</testsuite> <!-- main.java.exercise1 -->
