<?xml version="1.0" encoding="UTF-8"?>
<!-- Generated by org.testng.reporters.JUnitReportReporter -->
<testsuite skipped="0" hostname="Rahuls-MacBook-Pro.local" name="main.java.exercise2" tests="1" failures="0" timestamp="2021-03-19T09:45:20 IST" time="2.004" errors="0">
  <testcase name="coinmarketinfo" time="2.004" classname="main.java.exercise2"/>
  <system-out/>
</testsuite> <!-- main.java.exercise2 -->
